<?xml version="1.0" encoding="UTF-8"?>
<!-- Generated by org.testng.reporters.JUnitReportReporter -->
<testsuite hostname="LAPTOP-E42ICP36" failures="0" tests="1" name="pageObject.WithoutFindBy" time="20.288" errors="0" timestamp="2022-01-20T17:09:10 IST" skipped="0">
  <testcase classname="pageObject.WithoutFindBy" name="login" time="20.288"/>
  <system-out/>
</testsuite> <!-- pageObject.WithoutFindBy -->
